\BOOKMARK [0][-]{figure.caption.1}{Abstract}{}% 1
\BOOKMARK [0][-]{chapter*.4}{Acknowledgements}{}% 2
\BOOKMARK [0][-]{chapter.1}{Introduction}{}% 3
\BOOKMARK [1][-]{section.1.1}{Overview}{chapter.1}% 4
\BOOKMARK [1][-]{section.1.2}{Background}{chapter.1}% 5
\BOOKMARK [1][-]{section.1.3}{Problem Statement}{chapter.1}% 6
\BOOKMARK [1][-]{section.1.4}{Objectives}{chapter.1}% 7
\BOOKMARK [1][-]{section.1.5}{Project Features}{chapter.1}% 8
\BOOKMARK [1][-]{section.1.6}{Feasibility}{chapter.1}% 9
\BOOKMARK [2][-]{subsection.1.6.1}{Economical Feasibility}{section.1.6}% 10
\BOOKMARK [2][-]{subsection.1.6.2}{Technical Feasibility}{section.1.6}% 11
\BOOKMARK [2][-]{subsection.1.6.3}{Operational Feasibility}{section.1.6}% 12
\BOOKMARK [0][-]{chapter.2}{Literature Review}{}% 13
\BOOKMARK [1][-]{section.2.1}{ Sanitizing Machine in Market}{chapter.2}% 14
\BOOKMARK [2][-]{subsection.2.1.1}{ Fogger Machine}{section.2.1}% 15
\BOOKMARK [2][-]{subsection.2.1.2}{ UV sterilizing Machine}{section.2.1}% 16
\BOOKMARK [0][-]{chapter.3}{System Requirement}{}% 17
\BOOKMARK [1][-]{section.3.1}{Software Requirement}{chapter.3}% 18
\BOOKMARK [2][-]{subsection.3.1.1}{Python IDE}{section.3.1}% 19
\BOOKMARK [2][-]{subsection.3.1.2}{Arduino IDE}{section.3.1}% 20
\BOOKMARK [1][-]{section.3.2}{Hardware Requirement}{chapter.3}% 21
\BOOKMARK [2][-]{subsection.3.2.1}{Arduino}{section.3.2}% 22
\BOOKMARK [2][-]{subsection.3.2.2}{Infrared Thermometer}{section.3.2}% 23
\BOOKMARK [2][-]{subsection.3.2.3}{Car Wiper Motor}{section.3.2}% 24
\BOOKMARK [2][-]{subsection.3.2.4}{Raspberry Pi}{section.3.2}% 25
\BOOKMARK [2][-]{subsection.3.2.5}{IR proximity sensor:}{section.3.2}% 26
\BOOKMARK [2][-]{subsection.3.2.6}{MAX30100}{section.3.2}% 27
\BOOKMARK [2][-]{subsection.3.2.7}{ Pump Motor}{section.3.2}% 28
\BOOKMARK [2][-]{subsection.3.2.8}{Temperature Sensor}{section.3.2}% 29
\BOOKMARK [2][-]{subsection.3.2.9}{UV-C Tube Light}{section.3.2}% 30
\BOOKMARK [2][-]{subsection.3.2.10}{USB Web Cam}{section.3.2}% 31
\BOOKMARK [0][-]{chapter.4}{Methodology}{}% 32
\BOOKMARK [1][-]{section.4.1}{Block Diagram}{chapter.4}% 33
\BOOKMARK [2][-]{subsection.4.1.1}{Temperature Sensor}{section.4.1}% 34
\BOOKMARK [2][-]{subsection.4.1.2}{UV-C tube}{section.4.1}% 35
\BOOKMARK [2][-]{subsection.4.1.3}{Logistic Regression}{section.4.1}% 36
\BOOKMARK [2][-]{subsection.4.1.4}{Convolutional Neural Networks}{section.4.1}% 37
\BOOKMARK [2][-]{subsection.4.1.5}{SP02 Sensor}{section.4.1}% 38
\BOOKMARK [0][-]{chapter.5}{Epilogue}{}% 39
\BOOKMARK [1][-]{section.5.1}{Expected Outcome}{chapter.5}% 40
\BOOKMARK [1][-]{section.5.2}{Application}{chapter.5}% 41
\BOOKMARK [1][-]{section.5.3}{Budget Analysis}{chapter.5}% 42
\BOOKMARK [1][-]{section.5.4}{Work Schedule}{chapter.5}% 43
\BOOKMARK [2][-]{subsection.5.4.1}{Work Completed}{section.5.4}% 44
\BOOKMARK [2][-]{subsection.5.4.2}{Work Remaining}{section.5.4}% 45
