This is pdfTeX, Version 3.14159265-2.6-1.40.20 (TeX Live 2019/Debian) (preloaded format=pdflatex 2021.12.16)  17 APR 2022 11:26
entering extended mode
 restricted \write18 enabled.
 %&-line parsing enabled.
**"manav ko naya.tex"
(./manav ko naya.tex
LaTeX2e <2020-02-02> patch level 2
L3 programming layer <2020-02-14>
(/usr/share/texlive/texmf-dist/tex/latex/base/report.cls
Document Class: report 2019/12/20 v1.4l Standard LaTeX document class
(/usr/share/texlive/texmf-dist/tex/latex/base/size12.clo
File: size12.clo 2019/12/20 v1.4l Standard LaTeX file (size option)
)
\c@part=\count167
\c@chapter=\count168
\c@section=\count169
\c@subsection=\count170
\c@subsubsection=\count171
\c@paragraph=\count172
\c@subparagraph=\count173
\c@figure=\count174
\c@table=\count175
\abovecaptionskip=\skip47
\belowcaptionskip=\skip48
\bibindent=\dimen134
)
(/usr/share/texlive/texmf-dist/tex/latex/geometry/geometry.sty
Package: geometry 2020/01/02 v5.9 Page Geometry

(/usr/share/texlive/texmf-dist/tex/latex/graphics/keyval.sty
Package: keyval 2014/10/28 v1.15 key=value parser (DPC)
\KV@toks@=\toks14
)
(/usr/share/texlive/texmf-dist/tex/generic/iftex/ifvtex.sty
Package: ifvtex 2019/10/25 v1.7 ifvtex legacy package. Use iftex instead.

(/usr/share/texlive/texmf-dist/tex/generic/iftex/iftex.sty
Package: iftex 2019/11/07 v1.0c TeX engine tests
))
\Gm@cnth=\count176
\Gm@cntv=\count177
\c@Gm@tempcnt=\count178
\Gm@bindingoffset=\dimen135
\Gm@wd@mp=\dimen136
\Gm@odd@mp=\dimen137
\Gm@even@mp=\dimen138
\Gm@layoutwidth=\dimen139
\Gm@layoutheight=\dimen140
\Gm@layouthoffset=\dimen141
\Gm@layoutvoffset=\dimen142
\Gm@dimlist=\toks15
)
(/usr/share/texlive/texmf-dist/tex/latex/amsfonts/amsfonts.sty
Package: amsfonts 2013/01/14 v3.01 Basic AMSFonts support
\@emptytoks=\toks16
\symAMSa=\mathgroup4
\symAMSb=\mathgroup5
LaTeX Font Info:    Redeclaring math symbol \hbar on input line 98.
LaTeX Font Info:    Overwriting math alphabet `\mathfrak' in version `bold'
(Font)                  U/euf/m/n --> U/euf/b/n on input line 106.
)
(/usr/share/texlive/texmf-dist/tex/latex/amsmath/amsmath.sty
Package: amsmath 2020/01/20 v2.17e AMS math features
\@mathmargin=\skip49

For additional information on amsmath, use the `?' option.
(/usr/share/texlive/texmf-dist/tex/latex/amsmath/amstext.sty
Package: amstext 2000/06/29 v2.01 AMS text

(/usr/share/texlive/texmf-dist/tex/latex/amsmath/amsgen.sty
File: amsgen.sty 1999/11/30 v2.0 generic functions
\@emptytoks=\toks17
\ex@=\dimen143
))
(/usr/share/texlive/texmf-dist/tex/latex/amsmath/amsbsy.sty
Package: amsbsy 1999/11/29 v1.2d Bold Symbols
\pmbraise@=\dimen144
)
(/usr/share/texlive/texmf-dist/tex/latex/amsmath/amsopn.sty
Package: amsopn 2016/03/08 v2.02 operator names
)
\inf@bad=\count179
LaTeX Info: Redefining \frac on input line 227.
\uproot@=\count180
\leftroot@=\count181
LaTeX Info: Redefining \overline on input line 389.
\classnum@=\count182
\DOTSCASE@=\count183
LaTeX Info: Redefining \ldots on input line 486.
LaTeX Info: Redefining \dots on input line 489.
LaTeX Info: Redefining \cdots on input line 610.
\Mathstrutbox@=\box45
\strutbox@=\box46
\big@size=\dimen145
LaTeX Font Info:    Redeclaring font encoding OML on input line 733.
LaTeX Font Info:    Redeclaring font encoding OMS on input line 734.
\macc@depth=\count184
\c@MaxMatrixCols=\count185
\dotsspace@=\muskip16
\c@parentequation=\count186
\dspbrk@lvl=\count187
\tag@help=\toks18
\row@=\count188
\column@=\count189
\maxfields@=\count190
\andhelp@=\toks19
\eqnshift@=\dimen146
\alignsep@=\dimen147
\tagshift@=\dimen148
\tagwidth@=\dimen149
\totwidth@=\dimen150
\lineht@=\dimen151
\@envbody=\toks20
\multlinegap=\skip50
\multlinetaggap=\skip51
\mathdisplay@stack=\toks21
LaTeX Info: Redefining \[ on input line 2859.
LaTeX Info: Redefining \] on input line 2860.
)
(/usr/share/texlive/texmf-dist/tex/latex/amsfonts/amssymb.sty
Package: amssymb 2013/01/14 v3.01 AMS font symbols
)
(/usr/share/texlive/texmf-dist/tex/latex/graphics/graphicx.sty
Package: graphicx 2019/11/30 v1.2a Enhanced LaTeX Graphics (DPC,SPQR)

(/usr/share/texlive/texmf-dist/tex/latex/graphics/graphics.sty
Package: graphics 2019/11/30 v1.4a Standard LaTeX Graphics (DPC,SPQR)

(/usr/share/texlive/texmf-dist/tex/latex/graphics/trig.sty
Package: trig 2016/01/03 v1.10 sin cos tan (DPC)
)
(/usr/share/texlive/texmf-dist/tex/latex/graphics-cfg/graphics.cfg
File: graphics.cfg 2016/06/04 v1.11 sample graphics configuration
)
Package graphics Info: Driver file: pdftex.def on input line 105.

(/usr/share/texlive/texmf-dist/tex/latex/graphics-def/pdftex.def
File: pdftex.def 2018/01/08 v1.0l Graphics/color driver for pdftex
))
\Gin@req@height=\dimen152
\Gin@req@width=\dimen153
)
(/usr/share/texlive/texmf-dist/tex/latex/psnfss/times.sty
Package: times 2005/04/12 PSNFSS-v9.2a (SPQR) 
)
(/usr/share/texlive/texmf-dist/tex/latex/float/float.sty
Package: float 2001/11/08 v1.3d Float enhancements (AL)
\c@float@type=\count191
\float@exts=\toks22
\float@box=\box47
\@float@everytoks=\toks23
\@floatcapt=\box48
)
(/usr/share/texlive/texmf-dist/tex/latex/placeins/placeins.sty
Package: placeins 2005/04/18  v 2.2
)
(/usr/share/texlive/texmf-dist/tex/latex/caption/caption.sty
Package: caption 2020/01/03 v3.4h Customizing captions (AR)

(/usr/share/texlive/texmf-dist/tex/latex/caption/caption3.sty
Package: caption3 2020/01/03 v1.8h caption3 kernel (AR)
Package caption3 Info: TeX engine: e-TeX on input line 61.
\captionmargin=\dimen154
\captionmargin@=\dimen155
\captionwidth=\dimen156
\caption@tempdima=\dimen157
\caption@indent=\dimen158
\caption@parindent=\dimen159
\caption@hangindent=\dimen160
Package caption Info: Standard document class detected.
)
\c@caption@flags=\count192
\c@continuedfloat=\count193
Package caption Info: float package is loaded.
)
(/usr/share/texlive/texmf-dist/tex/latex/hyperref/hyperref.sty
Package: hyperref 2020/01/14 v7.00d Hypertext links for LaTeX

(/usr/share/texlive/texmf-dist/tex/generic/ltxcmds/ltxcmds.sty
Package: ltxcmds 2019/12/15 v1.24 LaTeX kernel commands for general use (HO)
)
(/usr/share/texlive/texmf-dist/tex/latex/pdftexcmds/pdftexcmds.sty
Package: pdftexcmds 2019/11/24 v0.31 Utility functions of pdfTeX for LuaTeX (HO
)

(/usr/share/texlive/texmf-dist/tex/generic/infwarerr/infwarerr.sty
Package: infwarerr 2019/12/03 v1.5 Providing info/warning/error messages (HO)
)
Package pdftexcmds Info: \pdf@primitive is available.
Package pdftexcmds Info: \pdf@ifprimitive is available.
Package pdftexcmds Info: \pdfdraftmode found.
)
(/usr/share/texlive/texmf-dist/tex/generic/kvsetkeys/kvsetkeys.sty
Package: kvsetkeys 2019/12/15 v1.18 Key value parser (HO)
)
(/usr/share/texlive/texmf-dist/tex/generic/kvdefinekeys/kvdefinekeys.sty
Package: kvdefinekeys 2019-12-19 v1.6 Define keys (HO)
)
(/usr/share/texlive/texmf-dist/tex/generic/pdfescape/pdfescape.sty
Package: pdfescape 2019/12/09 v1.15 Implements pdfTeX's escape features (HO)
)
(/usr/share/texlive/texmf-dist/tex/latex/hycolor/hycolor.sty
Package: hycolor 2020-01-27 v1.10 Color options for hyperref/bookmark (HO)
)
(/usr/share/texlive/texmf-dist/tex/latex/letltxmacro/letltxmacro.sty
Package: letltxmacro 2019/12/03 v1.6 Let assignment for LaTeX macros (HO)
)
(/usr/share/texlive/texmf-dist/tex/latex/auxhook/auxhook.sty
Package: auxhook 2019-12-17 v1.6 Hooks for auxiliary files (HO)
)
(/usr/share/texlive/texmf-dist/tex/latex/kvoptions/kvoptions.sty
Package: kvoptions 2019/11/29 v3.13 Key value format for package options (HO)
)
\@linkdim=\dimen161
\Hy@linkcounter=\count194
\Hy@pagecounter=\count195

(/usr/share/texlive/texmf-dist/tex/latex/hyperref/pd1enc.def
File: pd1enc.def 2020/01/14 v7.00d Hyperref: PDFDocEncoding definition (HO)
Now handling font encoding PD1 ...
... no UTF-8 mapping file for font encoding PD1
)
(/usr/share/texlive/texmf-dist/tex/generic/intcalc/intcalc.sty
Package: intcalc 2019/12/15 v1.3 Expandable calculations with integers (HO)
)
(/usr/share/texlive/texmf-dist/tex/generic/etexcmds/etexcmds.sty
Package: etexcmds 2019/12/15 v1.7 Avoid name clashes with e-TeX commands (HO)
)
\Hy@SavedSpaceFactor=\count196
\pdfmajorversion=\count197
Package hyperref Info: Hyper figures OFF on input line 4547.
Package hyperref Info: Link nesting OFF on input line 4552.
Package hyperref Info: Hyper index ON on input line 4555.
Package hyperref Info: Plain pages OFF on input line 4562.
Package hyperref Info: Backreferencing OFF on input line 4567.
Package hyperref Info: Implicit mode ON; LaTeX internals redefined.
Package hyperref Info: Bookmarks ON on input line 4800.
\c@Hy@tempcnt=\count198

(/usr/share/texlive/texmf-dist/tex/latex/url/url.sty
\Urlmuskip=\muskip17
Package: url 2013/09/16  ver 3.4  Verb mode for urls, etc.
)
LaTeX Info: Redefining \url on input line 5159.
\XeTeXLinkMargin=\dimen162

(/usr/share/texlive/texmf-dist/tex/generic/bitset/bitset.sty
Package: bitset 2019/12/09 v1.3 Handle bit-vector datatype (HO)

(/usr/share/texlive/texmf-dist/tex/generic/bigintcalc/bigintcalc.sty
Package: bigintcalc 2019/12/15 v1.5 Expandable calculations on big integers (HO
)
))
\Fld@menulength=\count199
\Field@Width=\dimen163
\Fld@charsize=\dimen164
Package hyperref Info: Hyper figures OFF on input line 6430.
Package hyperref Info: Link nesting OFF on input line 6435.
Package hyperref Info: Hyper index ON on input line 6438.
Package hyperref Info: backreferencing OFF on input line 6445.
Package hyperref Info: Link coloring OFF on input line 6450.
Package hyperref Info: Link coloring with OCG OFF on input line 6455.
Package hyperref Info: PDF/A mode OFF on input line 6460.
LaTeX Info: Redefining \ref on input line 6500.
LaTeX Info: Redefining \pageref on input line 6504.

(/usr/share/texlive/texmf-dist/tex/generic/atbegshi/atbegshi.sty
Package: atbegshi 2019/12/05 v1.19 At begin shipout hook (HO)
)
\Hy@abspage=\count266
\c@Item=\count267
\c@Hfootnote=\count268
)
Package hyperref Info: Driver (autodetected): hpdftex.

(/usr/share/texlive/texmf-dist/tex/latex/hyperref/hpdftex.def
File: hpdftex.def 2020/01/14 v7.00d Hyperref driver for pdfTeX

(/usr/share/texlive/texmf-dist/tex/latex/atveryend/atveryend.sty
Package: atveryend 2019-12-11 v1.11 Hooks at the very end of document (HO)
Package atveryend Info: \enddocument detected (standard20110627).
)
\Fld@listcount=\count269
\c@bookmark@seq@number=\count270

(/usr/share/texlive/texmf-dist/tex/latex/rerunfilecheck/rerunfilecheck.sty
Package: rerunfilecheck 2019/12/05 v1.9 Rerun checks for auxiliary files (HO)

(/usr/share/texlive/texmf-dist/tex/generic/uniquecounter/uniquecounter.sty
Package: uniquecounter 2019/12/15 v1.4 Provide unlimited unique counter (HO)
)
Package uniquecounter Info: New unique counter `rerunfilecheck' on input line 2
86.
)
\Hy@SectionHShift=\skip52
)
(/usr/share/texlive/texmf-dist/tex/latex/setspace/setspace.sty
Package: setspace 2011/12/19 v6.7a set line spacing
)
(/usr/share/texlive/texmf-dist/tex/latex/acro/acro.sty
(/usr/share/texlive/texmf-dist/tex/latex/l3kernel/expl3.sty
Package: expl3 2020-02-14 L3 programming layer (loader) 

(/usr/share/texlive/texmf-dist/tex/latex/l3backend/l3backend-pdfmode.def
File: l3backend-pdfmode.def 2020-02-03 L3 backend support: PDF mode
\l__kernel_color_stack_int=\count271
\l__pdf_internal_box=\box49
))
(/usr/share/texlive/texmf-dist/tex/latex/l3packages/xparse/xparse.sty
Package: xparse 2020-02-14 L3 Experimental document command parser
\l__xparse_current_arg_int=\count272
\g__xparse_grabber_int=\count273
\l__xparse_m_args_int=\count274
\l__xparse_v_nesting_int=\count275
)
(/usr/share/texlive/texmf-dist/tex/latex/l3packages/xtemplate/xtemplate.sty
Package: xtemplate 2020-02-14 L3 Experimental prototype document functions
\l__xtemplate_tmp_dim=\dimen165
\l__xtemplate_tmp_int=\count276
\l__xtemplate_tmp_muskip=\muskip18
\l__xtemplate_tmp_skip=\skip53
)
(/usr/share/texlive/texmf-dist/tex/latex/l3packages/l3keys2e/l3keys2e.sty
Package: l3keys2e 2020-02-14 LaTeX2e option processing using LaTeX3 keys
)
(/usr/share/texlive/texmf-dist/tex/latex/etoolbox/etoolbox.sty
Package: etoolbox 2019/09/21 v2.5h e-TeX tools for LaTeX (JAW)
\etb@tempcnta=\count277
)
Package: acro 2020/02/03 v2.11c Typeset Acronyms
\l__acro_tmpa_int=\count278
\l__acro_tmpb_int=\count279
\l__acro_tmpc_int=\count280
\l__acro_tmpd_int=\count281
\l__acro_page_space_skip=\skip54
\l__acro_short_width_dim=\dimen166
\g__acro_barrier_int=\count282

Package xtemplate Info: Declaring object type 'acro-first' taking 2
(xtemplate)             argument(s) on line 912.


Package xtemplate Info: Declaring object type 'acro-extra' taking 1
(xtemplate)             argument(s) on line 1041.


(/usr/share/texlive/texmf-dist/tex/latex/zref/zref-abspage.sty
Package: zref-abspage 2019/11/29 v2.28 Module abspage for zref (HO)

(/usr/share/texlive/texmf-dist/tex/latex/zref/zref-base.sty
Package: zref-base 2019/11/29 v2.28 Module base for zref (HO)
Package zref Info: New property list: main on input line 763.
Package zref Info: New property: default on input line 764.
Package zref Info: New property: page on input line 765.
)
\c@abspage=\count283
Package zref Info: New property: abspage on input line 66.
)

Package xtemplate Info: Declaring object type 'acro-page-number' taking 1
(xtemplate)             argument(s) on line 1271.


Package xtemplate Info: Declaring object type 'acro-title' taking 1
(xtemplate)             argument(s) on line 1340.


Package xtemplate Info: Declaring object type 'acro-list' taking 2 argument(s)
(xtemplate)             on line 1378.


(/usr/share/texlive/texmf-dist/tex/latex/translations/translations.sty
Package: translations 2017/08/31 v1.7a internationalization of LaTeX2e packages
 (CN)

(/usr/share/texlive/texmf-dist/tex/latex/koma-script/scrlfile.sty
Package: scrlfile 2020/01/24 v3.29 KOMA-Script package (loading files)
))
(/usr/share/texlive/texmf-dist/tex/latex/acro/acro.definitions.tex))
Package translations Info: No language package found. I am going to use `englis
h' as default language. on input line 37.

(./manav ko naya.aux)
\openout1 = `"manav ko naya.aux"'.

LaTeX Font Info:    Checking defaults for OML/cmm/m/it on input line 37.
LaTeX Font Info:    ... okay on input line 37.
LaTeX Font Info:    Checking defaults for OMS/cmsy/m/n on input line 37.
LaTeX Font Info:    ... okay on input line 37.
LaTeX Font Info:    Checking defaults for OT1/cmr/m/n on input line 37.
LaTeX Font Info:    ... okay on input line 37.
LaTeX Font Info:    Checking defaults for T1/cmr/m/n on input line 37.
LaTeX Font Info:    ... okay on input line 37.
LaTeX Font Info:    Checking defaults for TS1/cmr/m/n on input line 37.
LaTeX Font Info:    ... okay on input line 37.
LaTeX Font Info:    Checking defaults for OMX/cmex/m/n on input line 37.
LaTeX Font Info:    ... okay on input line 37.
LaTeX Font Info:    Checking defaults for U/cmr/m/n on input line 37.
LaTeX Font Info:    ... okay on input line 37.
LaTeX Font Info:    Checking defaults for PD1/pdf/m/n on input line 37.
LaTeX Font Info:    ... okay on input line 37.
LaTeX Font Info:    Trying to load font information for OT1+ptm on input line 3
7.
 (/usr/share/texlive/texmf-dist/tex/latex/psnfss/ot1ptm.fd
File: ot1ptm.fd 2001/06/04 font definitions for OT1/ptm.
)
*geometry* driver: auto-detecting
*geometry* detected driver: pdftex
*geometry* verbose mode - [ preamble ] result:
* driver: pdftex
* paper: a4paper
* layout: <same size as paper>
* layoutoffset:(h,v)=(0.0pt,0.0pt)
* modes: 
* h-part:(L,W,R)=(72.26999pt, 452.9679pt, 72.26999pt)
* v-part:(T,H,B)=(72.26999pt, 700.50687pt, 72.26999pt)
* \paperwidth=597.50787pt
* \paperheight=845.04684pt
* \textwidth=452.9679pt
* \textheight=700.50687pt
* \oddsidemargin=0.0pt
* \evensidemargin=0.0pt
* \topmargin=-37.0pt
* \headheight=12.0pt
* \headsep=25.0pt
* \topskip=12.0pt
* \footskip=30.0pt
* \marginparwidth=35.0pt
* \marginparsep=10.0pt
* \columnsep=10.0pt
* \skip\footins=10.8pt plus 4.0pt minus 2.0pt
* \hoffset=0.0pt
* \voffset=0.0pt
* \mag=1000
* \@twocolumnfalse
* \@twosidefalse
* \@mparswitchfalse
* \@reversemarginfalse
* (1in=72.27pt=25.4mm, 1cm=28.453pt)

(/usr/share/texlive/texmf-dist/tex/context/base/mkii/supp-pdf.mkii
[Loading MPS to PDF converter (version 2006.09.02).]
\scratchcounter=\count284
\scratchdimen=\dimen167
\scratchbox=\box50
\nofMPsegments=\count285
\nofMParguments=\count286
\everyMPshowfont=\toks24
\MPscratchCnt=\count287
\MPscratchDim=\dimen168
\MPnumerator=\count288
\makeMPintoPDFobject=\count289
\everyMPtoPDFconversion=\toks25
) (/usr/share/texlive/texmf-dist/tex/latex/epstopdf-pkg/epstopdf-base.sty
Package: epstopdf-base 2020-01-24 v2.11 Base part for package epstopdf
Package epstopdf-base Info: Redefining graphics rule for `.eps' on input line 4
85.

(/usr/share/texlive/texmf-dist/tex/latex/latexconfig/epstopdf-sys.cfg
File: epstopdf-sys.cfg 2010/07/13 v1.3 Configuration of (r)epstopdf for TeX Liv
e
))
Package caption Info: Begin \AtBeginDocument code.
Package caption Info: hyperref package is loaded.
Package caption Info: End \AtBeginDocument code.
\AtBeginShipoutBox=\box51
Package hyperref Info: Link coloring OFF on input line 37.

(/usr/share/texlive/texmf-dist/tex/latex/hyperref/nameref.sty
Package: nameref 2019/09/16 v2.46 Cross-referencing by name of section

(/usr/share/texlive/texmf-dist/tex/latex/refcount/refcount.sty
Package: refcount 2019/12/15 v3.6 Data extraction from label references (HO)
)
(/usr/share/texlive/texmf-dist/tex/generic/gettitlestring/gettitlestring.sty
Package: gettitlestring 2019/12/15 v1.6 Cleanup title references (HO)
)
\c@section@level=\count290
)
LaTeX Info: Redefining \ref on input line 37.
LaTeX Info: Redefining \pageref on input line 37.
LaTeX Info: Redefining \nameref on input line 37.

(./manav ko naya.out) (./manav ko naya.out)
\@outlinefile=\write3
\openout3 = `"manav ko naya.out"'.


(/usr/share/texlive/texmf-dist/tex/latex/translations/translations-basic-dictio
nary-english.trsl
File: translations-basic-dictionary-english.trsl (english translation file `tra
nslations-basic-dictionary')
)
Package translations Info: loading dictionary `translations-basic-dictionary' f
or `english'. on input line 37.
 [1

{/var/lib/texmf/fonts/map/pdftex/updmap/pdftex.map}]
<kec1.jpg, id=194, 83.1105pt x 81.30376pt>
File: kec1.jpg Graphic file (type jpg)
<use kec1.jpg>
Package pdftex.def Info: kec1.jpg  used on input line 75.
(pdftex.def)             Requested size: 83.11028pt x 81.30354pt.

[2 <./kec1.JPG>] [1

] [2

] (./manav ko naya.toc
LaTeX Font Info:    Trying to load font information for U+msa on input line 5.

(/usr/share/texlive/texmf-dist/tex/latex/amsfonts/umsa.fd
File: umsa.fd 2013/01/14 v3.01 AMS symbols A
)
LaTeX Font Info:    Trying to load font information for U+msb on input line 5.

(/usr/share/texlive/texmf-dist/tex/latex/amsfonts/umsb.fd
File: umsb.fd 2013/01/14 v3.01 AMS symbols B
) [3

] [4])
\tf@toc=\write4
\openout4 = `"manav ko naya.toc"'.

 [1]
(./manav ko naya.lofpdfTeX warning (ext4): destination with the same identifier
 (name{page.}) has been already used, duplicate ignored
<to be read again> 
                   \relax 
l.24 ...chitecture\relax }}{22}{figure.caption.35}
                                                  % [2

])
\tf@lof=\write5
\openout5 = `"manav ko naya.lof"'.

pdfTeX warning (ext4): destination with the same identifier (name{page.}) has b
een already used, duplicate ignored
<to be read again> 
                   \relax 
l.144 \listoftables
                    [3] (./manav ko naya.lot)
\tf@lot=\write6
\openout6 = `"manav ko naya.lot"'.

pdfTeX warning (ext4): destination with the same identifier (name{page.}) has b
een already used, duplicate ignored
<to be read again> 
                   \relax 
l.147 \pagenumbering
                    {arabic} [4

]
Chapter 1.
<data_covid.png, id=351, 1927.2pt x 1084.05pt>
File: data_covid.png Graphic file (type png)
<use data_covid.png>
Package pdftex.def Info: data_covid.png  used on input line 182.
(pdftex.def)             Requested size: 481.79883pt x 271.01184pt.

Overfull \hbox (28.83093pt too wide) in paragraph at lines 182--183
 [] 
 []


LaTeX Warning: `h' float specifier changed to `ht'.

pdfTeX warning (ext4): destination with the same identifier (name{page.1}) has 
been already used, duplicate ignored
<to be read again> 
                   \relax 
l.187 
       [1

]pdfTeX warning (ext4): destination with the same identifier (name{page.2}) has
 been already used, duplicate ignored
<to be read again> 
                   \relax 
l.204 \section
              {Problem Statement} [2 <./data_covid.png>] [3]
LaTeX Font Info:    Trying to load font information for TS1+ptm on input line 2
46.

(/usr/share/texlive/texmf-dist/tex/latex/psnfss/ts1ptm.fd
File: ts1ptm.fd 2001/06/04 font definitions for TS1/ptm.
)
Overfull \hbox (1.7073pt too wide) in paragraph at lines 247--248
[]\OT1/ptm/m/n/12 To pre-dict Covid-19 Symp-tomps us-ing pa-tients datas.(Tempe
rature, Oxy-gen Level, Pulse) 
 []

[4] [5]
Chapter 2.
[6

]

LaTeX Warning: Citation `ref' on page 7 undefined on input line 293.


Underfull \hbox (badness 10000) in paragraph at lines 296--312

 []

[7]
<fogger.jpg, id=419, 227.34938pt x 182.18062pt>
File: fogger.jpg Graphic file (type jpg)
<use fogger.jpg>
Package pdftex.def Info: fogger.jpg  used on input line 348.
(pdftex.def)             Requested size: 159.14346pt x 127.52554pt.
 [8]
<uv machine.jpg, id=427, 286.82156pt x 249.18094pt>
File: uv machine.jpg Graphic file (type jpg)
<use uv machine.jpg>
Package pdftex.def Info: uv machine.jpg  used on input line 356.
(pdftex.def)             Requested size: 200.77371pt x 174.42545pt.
 [9 <./fogger.jpg> <./uv machine.jpg>]
Chapter 3.
[10

]
<arduino.jpg, id=437, 180.675pt x 180.675pt>
File: arduino.jpg Graphic file (type jpg)
<use arduino.jpg>
Package pdftex.def Info: arduino.jpg  used on input line 387.
(pdftex.def)             Requested size: 144.54018pt x 144.54018pt.
<ir thermo.jpg, id=438, 100.87688pt x 173.14688pt>
File: ir thermo.jpg Graphic file (type jpg)
<use ir thermo.jpg>
Package pdftex.def Info: ir thermo.jpg  used on input line 396.
(pdftex.def)             Requested size: 60.52658pt x 103.88892pt.
 [11 <./arduino.jpg> <./ir thermo.jpg>]
<car.jpg, id=443, 501.875pt x 501.875pt>
File: car.jpg Graphic file (type jpg)
<use car.jpg>
Package pdftex.def Info: car.jpg  used on input line 408.
(pdftex.def)             Requested size: 150.56366pt x 150.56366pt.
<rb pi.jpg, id=444, 251.43938pt x 155.07938pt>
File: rb pi.jpg Graphic file (type jpg)
<use rb pi.jpg>
Package pdftex.def Info: rb pi.jpg  used on input line 421.
(pdftex.def)             Requested size: 251.43875pt x 155.07898pt.


LaTeX Warning: `h' float specifier changed to `ht'.

[12 <./car.jpg>]
<ir sensor.jpg, id=450, 268.75406pt x 234.1247pt>
File: ir sensor.jpg Graphic file (type jpg)
<use ir sensor.jpg>
Package pdftex.def Info: ir sensor.jpg  used on input line 432.
(pdftex.def)             Requested size: 134.3767pt x 117.06206pt.
<oxi.png, id=451, 501.875pt x 501.875pt>
File: oxi.png Graphic file (type png)
<use oxi.png>
Package pdftex.def Info: oxi.png  used on input line 446.
(pdftex.def)             Requested size: 150.56366pt x 150.56366pt.


LaTeX Warning: `h' float specifier changed to `ht'.

<pump motor.jpg, id=452, 185.94469pt x 158.09062pt>
File: pump motor.jpg Graphic file (type jpg)
<use pump motor.jpg>
Package pdftex.def Info: pump motor.jpg  used on input line 457.
(pdftex.def)             Requested size: 92.9721pt x 79.0451pt.
[13 <./rb pi.jpg> <./ir sensor.jpg>]
<temp sensor.jpg, id=457, 289.83281pt x 247.67531pt>
File: temp sensor.jpg Graphic file (type jpg)
<use temp sensor.jpg>
Package pdftex.def Info: temp sensor.jpg  used on input line 467.
(pdftex.def)             Requested size: 202.88158pt x 173.37152pt.


LaTeX Warning: `h' float specifier changed to `ht'.

<uv c.jpg, id=458, 207.77625pt x 210.03468pt>
File: uv c.jpg Graphic file (type jpg)
<use uv c.jpg>
Package pdftex.def Info: uv c.jpg  used on input line 479.
(pdftex.def)             Requested size: 124.6667pt x 126.02177pt.
[14 <./oxi.png> <./pump motor.jpg>] [15 <./temp sensor.jpg> <./uv c.jpg>]
Chapter 4.
<medical ventilation.jpg, id=469, 496.85625pt x 157.33781pt>
File: medical ventilation.jpg Graphic file (type jpg)
<use medical ventilation.jpg>
Package pdftex.def Info: medical ventilation.jpg  used on input line 502.
(pdftex.def)             Requested size: 397.48553pt x 125.8704pt.
[16

 <./medical ventilation.jpg>]
<block diagram u v c.jpg, id=475, 513.92pt x 143.53625pt>
File: block diagram u v c.jpg Graphic file (type jpg)
<use block diagram u v c.jpg>
Package pdftex.def Info: block diagram u v c.jpg  used on input line 510.
(pdftex.def)             Requested size: 411.13655pt x 114.82915pt.
<collection.jpg, id=476, 963.6pt x 433.62pt>
File: collection.jpg Graphic file (type jpg)
<use collection.jpg>
Package pdftex.def Info: collection.jpg  used on input line 519.
(pdftex.def)             Requested size: 289.08223pt x 130.087pt.
<excel.png, id=477, 1038.88126pt x 543.02875pt>
File: excel.png Graphic file (type png)
<use excel.png>
Package pdftex.def Info: excel.png  used on input line 528.
(pdftex.def)             Requested size: 415.54514pt x 217.20764pt.
 [17 <./block diagram u v c.jpg> <./collection.jpg>]
<regression.png, id=484, 376.40625pt x 225.84375pt>
File: regression.png Graphic file (type png)
<use regression.png>
Package pdftex.def Info: regression.png  used on input line 540.
(pdftex.def)             Requested size: 225.84547pt x 135.50728pt.


LaTeX Warning: `h' float specifier changed to `ht'.

<logistic.png, id=485, 607.51968pt x 298.86656pt>
File: logistic.png Graphic file (type png)
<use logistic.png>
Package pdftex.def Info: logistic.png  used on input line 547.
(pdftex.def)             Requested size: 364.51462pt x 179.3213pt.

LaTeX Warning: `h' float specifier changed to `ht'.

[18 <./excel.png>]
<xray1.jpg, id=493, 963.6pt x 433.62pt>
File: xray1.jpg Graphic file (type jpg)
<use xray1.jpg>
Package pdftex.def Info: xray1.jpg  used on input line 558.
(pdftex.def)             Requested size: 192.71658pt x 86.72246pt.
<xray2.jpg, id=494, 433.62pt x 963.6pt>
File: xray2.jpg Graphic file (type jpg)
<use xray2.jpg>
Package pdftex.def Info: xray2.jpg  used on input line 564.
(pdftex.def)             Requested size: 86.72246pt x 192.71658pt.


LaTeX Warning: `h' float specifier changed to `ht'.

[19 <./regression.png> <./logistic.png> <./xray1.jpg>]
<cnn.jpg, id=502, 437.38406pt x 216.05719pt>
File: cnn.jpg Graphic file (type jpg)
<use cnn.jpg>
Package pdftex.def Info: cnn.jpg  used on input line 579.
(pdftex.def)             Requested size: 349.90771pt x 172.84596pt.


LaTeX Warning: `h' float specifier changed to `ht'.

[20 <./xray2.jpg>]
<vgg.png, id=508, 2131.965pt x 590.205pt>
File: vgg.png Graphic file (type png)
<use vgg.png>
Package pdftex.def Info: vgg.png  used on input line 590.
(pdftex.def)             Requested size: 426.38545pt x 118.0389pt.


LaTeX Warning: `h' float specifier changed to `ht'.

<vgg_chest_cm.png, id=509, 280.79906pt x 224.33812pt>
File: vgg_chest_cm.png Graphic file (type png)
<use vgg_chest_cm.png>
Package pdftex.def Info: vgg_chest_cm.png  used on input line 597.
(pdftex.def)             Requested size: 168.48073pt x 134.6039pt.

LaTeX Warning: `h' float specifier changed to `ht'.

<resnet.png, id=510, 853.1875pt x 369.38pt>
File: resnet.png Graphic file (type png)
<use resnet.png>
Package pdftex.def Info: resnet.png  used on input line 605.
(pdftex.def)             Requested size: 341.26895pt x 147.74937pt.
[21 <./cnn.jpg>]

LaTeX Warning: `h' float specifier changed to `ht'.

<resnet_chest_cm.png, id=517, 286.06876pt x 225.09094pt>
File: resnet_chest_cm.png Graphic file (type png)
<use resnet_chest_cm.png>
Package pdftex.def Info: resnet_chest_cm.png  used on input line 612.
(pdftex.def)             Requested size: 171.64258pt x 135.05559pt.

LaTeX Warning: `h' float specifier changed to `ht'.

[22 <./vgg.png> <./vgg_chest_cm.PNG>]
<inception.png, id=525, 651.43375pt x 345.29pt>
File: inception.png Graphic file (type png)
<use inception.png>
Package pdftex.def Info: inception.png  used on input line 621.
(pdftex.def)             Requested size: 325.71606pt x 172.64456pt.


LaTeX Warning: `h' float specifier changed to `ht'.

<inception_chest_cm.png, id=526, 280.04625pt x 230.36063pt>
File: inception_chest_cm.png Graphic file (type png)
<use inception_chest_cm.png>
Package pdftex.def Info: inception_chest_cm.png  used on input line 628.
(pdftex.def)             Requested size: 168.02904pt x 138.21742pt.

LaTeX Warning: `h' float specifier changed to `ht'.

[23 <./resnet.png> <./resnet_chest_cm.PNG>]
<xception.png, id=534, 847.165pt x 595.22375pt>
File: xception.png Graphic file (type png)
<use xception.png>
Package pdftex.def Info: xception.png  used on input line 639.
(pdftex.def)             Requested size: 338.85999pt x 238.08528pt.
<xception_chest_cm.png, id=535, 281.55188pt x 232.61906pt>
File: xception_chest_cm.png Graphic file (type png)
<use xception_chest_cm.png>
Package pdftex.def Info: xception_chest_cm.png  used on input line 645.
(pdftex.def)             Requested size: 225.24179pt x 186.09549pt.


LaTeX Warning: `h' float specifier changed to `ht'.


LaTeX Warning: `h' float specifier changed to `ht'.

[24 <./inception.png> <./inception_chest_cm.png>] [25 <./xception.png (PNG copy
)> <./xception_chest_cm.PNG>]
Chapter 5.
[26

]
<gantt.jpg, id=552, 728.7225pt x 364.36125pt>
File: gantt.jpg Graphic file (type jpg)
<use gantt.jpg>
Package pdftex.def Info: gantt.jpg  used on input line 719.
(pdftex.def)             Requested size: 364.36035pt x 182.18018pt.

Underfull \hbox (badness 10000) in paragraph at lines 716--724

 []

[27 <./gantt.jpg>]
<detect.png, id=561, 1900.09875pt x 937.5025pt>
File: detect.png Graphic file (type png)
<use detect.png>
Package pdftex.def Info: detect.png  used on input line 736.
(pdftex.def)             Requested size: 380.01302pt x 187.49718pt.
 [28 <./detect.png>] (./manav ko naya.bbl [29

])
Package atveryend Info: Empty hook `BeforeClearDocument' on input line 748.
 [30]
Package atveryend Info: Empty hook `AfterLastShipout' on input line 748.

(./manav ko naya.aux)
Package atveryend Info: Executing hook `AtVeryEndDocument' on input line 748.
Package atveryend Info: Executing hook `AtEndAfterFileList' on input line 748.
Package rerunfilecheck Info: File `"manav ko naya".out' has not changed.
(rerunfilecheck)             Checksum: C724897D6776DDC4D7FAF3AD556E14F9;2983.


LaTeX Warning: There were undefined references.

Package atveryend Info: Empty hook `AtVeryVeryEnd' on input line 748.
 ) 
Here is how much of TeX's memory you used:
 12086 strings out of 483140
 222009 string characters out of 5965150
 480881 words of memory out of 5000000
 26730 multiletter control sequences out of 15000+600000
 548084 words of font info for 57 fonts, out of 8000000 for 9000
 36 hyphenation exceptions out of 8191
 41i,8n,44p,1097b,458s stack positions out of 5000i,500n,10000p,200000b,80000s
{/usr/share/texlive/texmf-dist/fonts/enc/dvips/base/8r.enc}</usr/share/texliv
e/texmf-dist/fonts/type1/public/amsfonts/cm/cmmi12.pfb></usr/share/texlive/texm
f-dist/fonts/type1/public/amsfonts/cm/cmr8.pfb></usr/share/texlive/texmf-dist/f
onts/type1/urw/times/utmb8a.pfb></usr/share/texlive/texmf-dist/fonts/type1/urw/
times/utmr8a.pfb></usr/share/texlive/texmf-dist/fonts/type1/urw/times/utmri8a.p
fb>
Output written on "manav ko naya.pdf" (40 pages, 3061713 bytes).
PDF statistics:
 633 PDF objects out of 1000 (max. 8388607)
 534 compressed objects within 6 object streams
 146 named destinations out of 1000 (max. 500000)
 529 words of extra memory for PDF output out of 10000 (max. 10000000)

