\BOOKMARK [0][-]{figure.caption.1}{\376\377\000A\000b\000s\000t\000r\000a\000c\000t}{}% 1
\BOOKMARK [0][-]{chapter*.4}{\376\377\000A\000c\000k\000n\000o\000w\000l\000e\000d\000g\000e\000m\000e\000n\000t\000s}{}% 2
\BOOKMARK [0][-]{chapter.1}{\376\377\000I\000n\000t\000r\000o\000d\000u\000c\000t\000i\000o\000n}{}% 3
\BOOKMARK [1][-]{section.1.1}{\376\377\000O\000v\000e\000r\000v\000i\000e\000w}{chapter.1}% 4
\BOOKMARK [1][-]{section.1.2}{\376\377\000B\000a\000c\000k\000g\000r\000o\000u\000n\000d}{chapter.1}% 5
\BOOKMARK [2][-]{subsection.1.2.1}{\376\377\000M\000e\000d\000i\000c\000a\000l\000\040\000V\000e\000n\000t\000i\000l\000a\000t\000i\000o\000n}{section.1.2}% 6
\BOOKMARK [2][-]{subsection.1.2.2}{\376\377\000H\000e\000a\000l\000t\000h\000\040\000M\000o\000n\000i\000t\000o\000r\000i\000n\000g}{section.1.2}% 7
\BOOKMARK [2][-]{subsection.1.2.3}{\376\377\000E\000l\000e\000c\000t\000r\000o\000n\000i\000c\000\040\000S\000t\000e\000t\000h\000o\000s\000c\000o\000p\000e}{section.1.2}% 8
\BOOKMARK [2][-]{subsection.1.2.4}{\376\377\000X\000-\000R\000a\000y\000\040\000I\000m\000a\000g\000e\000\040\000P\000r\000o\000c\000e\000s\000s\000i\000n\000g}{section.1.2}% 9
\BOOKMARK [1][-]{section.1.3}{\376\377\000P\000r\000o\000b\000l\000e\000m\000\040\000S\000t\000a\000t\000e\000m\000e\000n\000t}{chapter.1}% 10
\BOOKMARK [1][-]{section.1.4}{\376\377\000O\000b\000j\000e\000c\000t\000i\000v\000e\000s}{chapter.1}% 11
\BOOKMARK [1][-]{section.1.5}{\376\377\000P\000r\000o\000j\000e\000c\000t\000\040\000F\000e\000a\000t\000u\000r\000e\000s}{chapter.1}% 12
\BOOKMARK [1][-]{section.1.6}{\376\377\000F\000e\000a\000s\000i\000b\000i\000l\000i\000t\000y}{chapter.1}% 13
\BOOKMARK [2][-]{subsection.1.6.1}{\376\377\000E\000c\000o\000n\000o\000m\000i\000c\000a\000l\000\040\000F\000e\000a\000s\000i\000b\000i\000l\000i\000t\000y}{section.1.6}% 14
\BOOKMARK [2][-]{subsection.1.6.2}{\376\377\000T\000e\000c\000h\000n\000i\000c\000a\000l\000\040\000F\000e\000a\000s\000i\000b\000i\000l\000i\000t\000y}{section.1.6}% 15
\BOOKMARK [2][-]{subsection.1.6.3}{\376\377\000O\000p\000e\000r\000a\000t\000i\000o\000n\000a\000l\000\040\000F\000e\000a\000s\000i\000b\000i\000l\000i\000t\000y}{section.1.6}% 16
\BOOKMARK [0][-]{chapter.2}{\376\377\000L\000i\000t\000e\000r\000a\000t\000u\000r\000e\000\040\000R\000e\000v\000i\000e\000w}{}% 17
\BOOKMARK [0][-]{chapter.3}{\376\377\000S\000y\000s\000t\000e\000m\000\040\000R\000e\000q\000u\000i\000r\000e\000m\000e\000n\000t}{}% 18
\BOOKMARK [1][-]{section.3.1}{\376\377\000S\000o\000f\000t\000w\000a\000r\000e\000\040\000R\000e\000q\000u\000i\000r\000e\000m\000e\000n\000t}{chapter.3}% 19
\BOOKMARK [2][-]{subsection.3.1.1}{\376\377\000P\000y\000t\000h\000o\000n\000\040\000I\000D\000E}{section.3.1}% 20
\BOOKMARK [2][-]{subsection.3.1.2}{\376\377\000A\000r\000d\000u\000i\000n\000o\000\040\000I\000D\000E}{section.3.1}% 21
\BOOKMARK [2][-]{subsection.3.1.3}{\376\377\000P\000r\000o\000t\000e\000u\000s}{section.3.1}% 22
\BOOKMARK [1][-]{section.3.2}{\376\377\000H\000a\000r\000d\000w\000a\000r\000e\000\040\000R\000e\000q\000u\000i\000r\000e\000m\000e\000n\000t}{chapter.3}% 23
\BOOKMARK [2][-]{subsection.3.2.1}{\376\377\000A\000r\000d\000u\000i\000n\000o}{section.3.2}% 24
\BOOKMARK [2][-]{subsection.3.2.2}{\376\377\000S\000t\000e\000t\000h\000o\000s\000c\000o\000p\000e}{section.3.2}% 25
\BOOKMARK [2][-]{subsection.3.2.3}{\376\377\000\040\000W\000i\000p\000e\000r\000\040\000M\000o\000t\000o\000r}{section.3.2}% 26
\BOOKMARK [2][-]{subsection.3.2.4}{\376\377\000M\000i\000c\000r\000o\000p\000h\000o\000n\000e}{section.3.2}% 27
\BOOKMARK [2][-]{subsection.3.2.5}{\376\377\000E\000C\000G}{section.3.2}% 28
\BOOKMARK [2][-]{subsection.3.2.6}{\376\377\000M\000A\000X\0003\0000\0001\0000\0000}{section.3.2}% 29
\BOOKMARK [2][-]{subsection.3.2.7}{\376\377\000T\000e\000m\000p\000e\000r\000a\000t\000u\000r\000e\000\040\000S\000e\000n\000s\000o\000r}{section.3.2}% 30
\BOOKMARK [0][-]{chapter.4}{\376\377\000M\000e\000t\000h\000o\000d\000o\000l\000o\000g\000y}{}% 31
\BOOKMARK [1][-]{section.4.1}{\376\377\000V\000e\000n\000t\000i\000l\000a\000t\000o\000r}{chapter.4}% 32
\BOOKMARK [1][-]{section.4.2}{\376\377\000H\000e\000a\000l\000t\000h\000\040\000M\000o\000n\000i\000t\000o\000r\000i\000n\000g}{chapter.4}% 33
\BOOKMARK [1][-]{section.4.3}{\376\377\000E\000l\000e\000c\000t\000r\000o\000n\000i\000c\000\040\000s\000t\000e\000t\000h\000o\000s\000c\000o\000p\000e}{chapter.4}% 34
\BOOKMARK [1][-]{section.4.4}{\376\377\000X\000-\000r\000a\000y\000\040\000I\000m\000a\000g\000e\000\040\000P\000r\000o\000c\000e\000s\000s\000i\000n\000g}{chapter.4}% 35
\BOOKMARK [1][-]{section.4.5}{\376\377\000S\000y\000s\000t\000e\000m\000\040\000F\000l\000o\000w\000c\000h\000a\000r\000t}{chapter.4}% 36
\BOOKMARK [2][-]{subsection.4.5.1}{\376\377\000M\000e\000d\000i\000c\000a\000l\000\040\000v\000e\000n\000t\000i\000l\000a\000t\000i\000o\000n}{section.4.5}% 37
\BOOKMARK [2][-]{subsection.4.5.2}{\376\377\000H\000e\000a\000l\000t\000h\000\040\000M\000o\000n\000i\000t\000o\000r\000i\000n\000g\000\040\000s\000y\000s\000t\000e\000m}{section.4.5}% 38
\BOOKMARK [2][-]{subsection.4.5.3}{\376\377\000E\000l\000e\000c\000t\000r\000o\000n\000i\000c\000\040\000s\000t\000e\000t\000h\000o\000s\000c\000o\000p\000e}{section.4.5}% 39
\BOOKMARK [2][-]{subsection.4.5.4}{\376\377\000X\000-\000r\000a\000y\000\040\000i\000m\000a\000g\000e\000\040\000p\000r\000o\000c\000e\000s\000s\000i\000n\000g}{section.4.5}% 40
\BOOKMARK [0][-]{chapter.5}{\376\377\000E\000p\000i\000l\000o\000g\000u\000e}{}% 41
\BOOKMARK [1][-]{section.5.1}{\376\377\000E\000x\000p\000e\000c\000t\000e\000d\000\040\000O\000u\000t\000c\000o\000m\000e}{chapter.5}% 42
\BOOKMARK [1][-]{section.5.2}{\376\377\000A\000p\000p\000l\000i\000c\000a\000t\000i\000o\000n}{chapter.5}% 43
\BOOKMARK [1][-]{section.5.3}{\376\377\000B\000u\000d\000g\000e\000t\000\040\000A\000n\000a\000l\000y\000s\000i\000s}{chapter.5}% 44
\BOOKMARK [1][-]{section.5.4}{\376\377\000W\000o\000r\000k\000\040\000S\000c\000h\000e\000d\000u\000l\000e}{chapter.5}% 45
\BOOKMARK [0][-]{figure.caption.27}{\376\377\000B\000i\000b\000l\000i\000o\000g\000r\000a\000p\000h\000y}{}% 46
