This is pdfTeX, Version 3.141592653-2.6-1.40.22 (MiKTeX 21.3) (preloaded format=pdflatex 2021.5.17)  6 JUL 2021 06:41
entering extended mode
**./Proposal.tex
(Proposal.tex
LaTeX2e <2020-10-01> patch level 4
L3 programming layer <2021-05-07>
(C:\Program Files\MiKTeX\tex/latex/base\report.cls
Document Class: report 2020/04/10 v1.4m Standard LaTeX document class
(C:\Program Files\MiKTeX\tex/latex/base\size12.clo
File: size12.clo 2020/04/10 v1.4m Standard LaTeX file (size option)
)
\c@part=\count179
\c@chapter=\count180
\c@section=\count181
\c@subsection=\count182
\c@subsubsection=\count183
\c@paragraph=\count184
\c@subparagraph=\count185
\c@figure=\count186
\c@table=\count187
\abovecaptionskip=\skip47
\belowcaptionskip=\skip48
\bibindent=\dimen138
)
(C:\Program Files\MiKTeX\tex/latex/geometry\geometry.sty
Package: geometry 2020/01/02 v5.9 Page Geometry

(C:\Program Files\MiKTeX\tex/latex/graphics\keyval.sty
Package: keyval 2014/10/28 v1.15 key=value parser (DPC)
\KV@toks@=\toks15
)
(C:\Program Files\MiKTeX\tex/generic/iftex\ifvtex.sty
Package: ifvtex 2019/10/25 v1.7 ifvtex legacy package. Use iftex instead.

(C:\Program Files\MiKTeX\tex/generic/iftex\iftex.sty
Package: iftex 2020/03/06 v1.0d TeX engine tests
))
\Gm@cnth=\count188
\Gm@cntv=\count189
\c@Gm@tempcnt=\count190
\Gm@bindingoffset=\dimen139
\Gm@wd@mp=\dimen140
\Gm@odd@mp=\dimen141
\Gm@even@mp=\dimen142
\Gm@layoutwidth=\dimen143
\Gm@layoutheight=\dimen144
\Gm@layouthoffset=\dimen145
\Gm@layoutvoffset=\dimen146
\Gm@dimlist=\toks16

(C:\Program Files\MiKTeX\tex/latex/geometry\geometry.cfg))
(C:\Program Files\MiKTeX\tex/latex/amsfonts\amsfonts.sty
Package: amsfonts 2013/01/14 v3.01 Basic AMSFonts support
\@emptytoks=\toks17
\symAMSa=\mathgroup4
\symAMSb=\mathgroup5
LaTeX Font Info:    Redeclaring math symbol \hbar on input line 98.
LaTeX Font Info:    Overwriting math alphabet `\mathfrak' in version `bold'
(Font)                  U/euf/m/n --> U/euf/b/n on input line 106.
)
(C:\Program Files\MiKTeX\tex/latex/amsmath\amsmath.sty
Package: amsmath 2020/09/23 v2.17i AMS math features
\@mathmargin=\skip49

For additional information on amsmath, use the `?' option.
(C:\Program Files\MiKTeX\tex/latex/amsmath\amstext.sty
Package: amstext 2000/06/29 v2.01 AMS text

(C:\Program Files\MiKTeX\tex/latex/amsmath\amsgen.sty
File: amsgen.sty 1999/11/30 v2.0 generic functions
\@emptytoks=\toks18
\ex@=\dimen147
))
(C:\Program Files\MiKTeX\tex/latex/amsmath\amsbsy.sty
Package: amsbsy 1999/11/29 v1.2d Bold Symbols
\pmbraise@=\dimen148
)
(C:\Program Files\MiKTeX\tex/latex/amsmath\amsopn.sty
Package: amsopn 2016/03/08 v2.02 operator names
)
\inf@bad=\count191
LaTeX Info: Redefining \frac on input line 234.
\uproot@=\count192
\leftroot@=\count193
LaTeX Info: Redefining \overline on input line 399.
\classnum@=\count194
\DOTSCASE@=\count195
LaTeX Info: Redefining \ldots on input line 496.
LaTeX Info: Redefining \dots on input line 499.
LaTeX Info: Redefining \cdots on input line 620.
\Mathstrutbox@=\box47
\strutbox@=\box48
\big@size=\dimen149
LaTeX Font Info:    Redeclaring font encoding OML on input line 743.
LaTeX Font Info:    Redeclaring font encoding OMS on input line 744.
\macc@depth=\count196
\c@MaxMatrixCols=\count197
\dotsspace@=\muskip16
\c@parentequation=\count198
\dspbrk@lvl=\count199
\tag@help=\toks19
\row@=\count266
\column@=\count267
\maxfields@=\count268
\andhelp@=\toks20
\eqnshift@=\dimen150
\alignsep@=\dimen151
\tagshift@=\dimen152
\tagwidth@=\dimen153
\totwidth@=\dimen154
\lineht@=\dimen155
\@envbody=\toks21
\multlinegap=\skip50
\multlinetaggap=\skip51
\mathdisplay@stack=\toks22
LaTeX Info: Redefining \[ on input line 2923.
LaTeX Info: Redefining \] on input line 2924.
)
(C:\Program Files\MiKTeX\tex/latex/amsfonts\amssymb.sty
Package: amssymb 2013/01/14 v3.01 AMS font symbols
)
(C:\Program Files\MiKTeX\tex/latex/graphics\graphicx.sty
Package: graphicx 2020/09/09 v1.2b Enhanced LaTeX Graphics (DPC,SPQR)

(C:\Program Files\MiKTeX\tex/latex/graphics\graphics.sty
Package: graphics 2020/08/30 v1.4c Standard LaTeX Graphics (DPC,SPQR)

(C:\Program Files\MiKTeX\tex/latex/graphics\trig.sty
Package: trig 2016/01/03 v1.10 sin cos tan (DPC)
)
(C:\Program Files\MiKTeX\tex/latex/graphics-cfg\graphics.cfg
File: graphics.cfg 2016/06/04 v1.11 sample graphics configuration
)
Package graphics Info: Driver file: pdftex.def on input line 105.

(C:\Program Files\MiKTeX\tex/latex/graphics-def\pdftex.def
File: pdftex.def 2020/10/05 v1.2a Graphics/color driver for pdftex
))
\Gin@req@height=\dimen156
\Gin@req@width=\dimen157
)
(C:\Program Files\MiKTeX\tex/latex/psnfss\times.sty
Package: times 2020/03/25 PSNFSS-v9.3 (SPQR) 
)
(C:\Program Files\MiKTeX\tex/latex/float\float.sty
Package: float 2001/11/08 v1.3d Float enhancements (AL)
\c@float@type=\count269
\float@exts=\toks23
\float@box=\box49
\@float@everytoks=\toks24
\@floatcapt=\box50
)
(C:\Program Files\MiKTeX\tex/latex/placeins\placeins.sty
Package: placeins 2005/04/18  v 2.2
)
(C:\Program Files\MiKTeX\tex/latex/caption\caption.sty
Package: caption 2020/10/26 v3.5g Customizing captions (AR)

(C:\Program Files\MiKTeX\tex/latex/caption\caption3.sty
Package: caption3 2020/10/21 v2.2e caption3 kernel (AR)
\captionmargin=\dimen158
\captionmargin@=\dimen159
\captionwidth=\dimen160
\caption@tempdima=\dimen161
\caption@indent=\dimen162
\caption@parindent=\dimen163
\caption@hangindent=\dimen164
Package caption Info: Standard document class detected.
)
\c@caption@flags=\count270
\c@continuedfloat=\count271
Package caption Info: float package is loaded.
)
(C:\Program Files\MiKTeX\tex/latex/hyperref\hyperref.sty
Package: hyperref 2021-02-27 v7.00k Hypertext links for LaTeX

(C:\Program Files\MiKTeX\tex/generic/ltxcmds\ltxcmds.sty
Package: ltxcmds 2020-05-10 v1.25 LaTeX kernel commands for general use (HO)
)
(C:\Program Files\MiKTeX\tex/generic/pdftexcmds\pdftexcmds.sty
Package: pdftexcmds 2020-06-27 v0.33 Utility functions of pdfTeX for LuaTeX (HO
)

(C:\Program Files\MiKTeX\tex/generic/infwarerr\infwarerr.sty
Package: infwarerr 2019/12/03 v1.5 Providing info/warning/error messages (HO)
)
Package pdftexcmds Info: \pdf@primitive is available.
Package pdftexcmds Info: \pdf@ifprimitive is available.
Package pdftexcmds Info: \pdfdraftmode found.
)
(C:\Program Files\MiKTeX\tex/generic/kvsetkeys\kvsetkeys.sty
Package: kvsetkeys 2019/12/15 v1.18 Key value parser (HO)
)
(C:\Program Files\MiKTeX\tex/generic/kvdefinekeys\kvdefinekeys.sty
Package: kvdefinekeys 2019-12-19 v1.6 Define keys (HO)
)
(C:\Program Files\MiKTeX\tex/generic/pdfescape\pdfescape.sty
Package: pdfescape 2019/12/09 v1.15 Implements pdfTeX's escape features (HO)
)
(C:\Program Files\MiKTeX\tex/latex/hycolor\hycolor.sty
Package: hycolor 2020-01-27 v1.10 Color options for hyperref/bookmark (HO)
)
(C:\Program Files\MiKTeX\tex/latex/letltxmacro\letltxmacro.sty
Package: letltxmacro 2019/12/03 v1.6 Let assignment for LaTeX macros (HO)
)
(C:\Program Files\MiKTeX\tex/latex/auxhook\auxhook.sty
Package: auxhook 2019-12-17 v1.6 Hooks for auxiliary files (HO)
)
(C:\Program Files\MiKTeX\tex/latex/kvoptions\kvoptions.sty
Package: kvoptions 2020-10-07 v3.14 Key value format for package options (HO)
)
\@linkdim=\dimen165
\Hy@linkcounter=\count272
\Hy@pagecounter=\count273

(C:\Program Files\MiKTeX\tex/latex/hyperref\pd1enc.def
File: pd1enc.def 2021-02-27 v7.00k Hyperref: PDFDocEncoding definition (HO)
Now handling font encoding PD1 ...
... no UTF-8 mapping file for font encoding PD1
)
(C:\Program Files\MiKTeX\tex/latex/hyperref\hyperref-langpatches.def
File: hyperref-langpatches.def 2021-02-27 v7.00k Hyperref: patches for babel la
nguages
)
(C:\Program Files\MiKTeX\tex/generic/intcalc\intcalc.sty
Package: intcalc 2019/12/15 v1.3 Expandable calculations with integers (HO)
)
(C:\Program Files\MiKTeX\tex/generic/etexcmds\etexcmds.sty
Package: etexcmds 2019/12/15 v1.7 Avoid name clashes with e-TeX commands (HO)
)
\Hy@SavedSpaceFactor=\count274

(C:\Program Files\MiKTeX\tex/latex/hyperref\puenc.def
File: puenc.def 2021-02-27 v7.00k Hyperref: PDF Unicode definition (HO)
Now handling font encoding PU ...
... no UTF-8 mapping file for font encoding PU
)
Package hyperref Info: Hyper figures OFF on input line 4192.
Package hyperref Info: Link nesting OFF on input line 4197.
Package hyperref Info: Hyper index ON on input line 4200.
Package hyperref Info: Plain pages OFF on input line 4207.
Package hyperref Info: Backreferencing OFF on input line 4212.
Package hyperref Info: Implicit mode ON; LaTeX internals redefined.
Package hyperref Info: Bookmarks ON on input line 4445.
\c@Hy@tempcnt=\count275

(C:\Program Files\MiKTeX\tex/latex/url\url.sty
\Urlmuskip=\muskip17
Package: url 2013/09/16  ver 3.4  Verb mode for urls, etc.
)
LaTeX Info: Redefining \url on input line 4804.
\XeTeXLinkMargin=\dimen166

(C:\Program Files\MiKTeX\tex/generic/bitset\bitset.sty
Package: bitset 2019/12/09 v1.3 Handle bit-vector datatype (HO)

(C:\Program Files\MiKTeX\tex/generic/bigintcalc\bigintcalc.sty
Package: bigintcalc 2019/12/15 v1.5 Expandable calculations on big integers (HO
)
))
\Fld@menulength=\count276
\Field@Width=\dimen167
\Fld@charsize=\dimen168
Package hyperref Info: Hyper figures OFF on input line 6075.
Package hyperref Info: Link nesting OFF on input line 6080.
Package hyperref Info: Hyper index ON on input line 6083.
Package hyperref Info: backreferencing OFF on input line 6090.
Package hyperref Info: Link coloring OFF on input line 6095.
Package hyperref Info: Link coloring with OCG OFF on input line 6100.
Package hyperref Info: PDF/A mode OFF on input line 6105.
LaTeX Info: Redefining \ref on input line 6145.
LaTeX Info: Redefining \pageref on input line 6149.

(C:\Program Files\MiKTeX\tex/latex/base\atbegshi-ltx.sty
Package: atbegshi-ltx 2020/08/17 v1.0a Emulation of the original atbegshi packa
ge
with kernel methods
)
\Hy@abspage=\count277
\c@Item=\count278
\c@Hfootnote=\count279
)
Package hyperref Info: Driver (autodetected): hpdftex.

(C:\Program Files\MiKTeX\tex/latex/hyperref\hpdftex.def
File: hpdftex.def 2021-02-27 v7.00k Hyperref driver for pdfTeX

(C:\Program Files\MiKTeX\tex/latex/base\atveryend-ltx.sty
Package: atveryend-ltx 2020/08/19 v1.0a Emulation of the original atvery packag
e
with kernel methods
)
\Fld@listcount=\count280
\c@bookmark@seq@number=\count281

(C:\Program Files\MiKTeX\tex/latex/rerunfilecheck\rerunfilecheck.sty
Package: rerunfilecheck 2019/12/05 v1.9 Rerun checks for auxiliary files (HO)

(C:\Program Files\MiKTeX\tex/generic/uniquecounter\uniquecounter.sty
Package: uniquecounter 2019/12/15 v1.4 Provide unlimited unique counter (HO)
)
Package uniquecounter Info: New unique counter `rerunfilecheck' on input line 2
86.
)
\Hy@SectionHShift=\skip52
)
(C:\Program Files\MiKTeX\tex/latex/setspace\setspace.sty
Package: setspace 2011/12/19 v6.7a set line spacing
)
(C:\Program Files\MiKTeX\tex/latex/acro\acro.sty
(C:\Program Files\MiKTeX\tex/latex/l3packages/l3keys2e\l3keys2e.sty
(C:\Program Files\MiKTeX\tex/latex/l3kernel\expl3.sty
Package: expl3 2021-05-07 L3 programming layer (loader) 

(C:\Program Files\MiKTeX\tex/latex/l3backend\l3backend-pdftex.def
File: l3backend-pdftex.def 2021-05-07 L3 backend support: PDF output (pdfTeX)
\l__color_backend_stack_int=\count282
\l__pdf_internal_box=\box51
))
Package: l3keys2e 2021-05-07 LaTeX2e option processing using LaTeX3 keys
)
Package: acro 2021/01/16 v3.5 typeset acronyms and other abbreviations (CN)
\g__acro_version_int=\count283
\l__acro_tmpa_int=\count284
\l__acro_tmpb_int=\count285
\l__acro_tmpc_int=\count286
\l__acro_tmpd_int=\count287

LaTeX3 Info: Defining command \AcroStyle with sig. 'smO{}' on line 442.

Loading module `base' ...
Loading module `interface' ...

LaTeX3 Info: Defining command \AcroAddRow with sig. '+m' on line 644.


LaTeX3 Info: Defining command \AcroRerun with sig. '' on line 647.


LaTeX3 Info: Defining command \AcroPropertiesMap with sig. '+m' on line 650.


LaTeX3 Info: Defining command \AcroAcronymsMap with sig. '+m' on line 653.


LaTeX3 Info: Defining command \AcroMapBreak with sig. '' on line 655.


LaTeX3 Info: Defining command \AcroPropertiesSet with sig. 'm+m' on line 658.


LaTeX3 Info: Defining command \AcroMap with sig. 'm+m' on line 661.


LaTeX3 Info: Defining command \AcroNeedPackage with sig. 'm' on line 670.


LaTeX3 Info: Defining command \acsetup with sig. '+m' on line 675.


LaTeX3 Info: Defining command \acroloadstyle with sig. 'm' on line 678.


LaTeX3 Info: Defining command \acroifstarredTF with sig. '' on line 681.


LaTeX3 Info: Defining command \acroifstarredT with sig. '' on line 684.


LaTeX3 Info: Defining command \acroifstarredF with sig. '' on line 687.


LaTeX3 Info: Defining command \acroifusedTF with sig. 'm' on line 690.


LaTeX3 Info: Defining command \acroifusedT with sig. 'm' on line 693.


LaTeX3 Info: Defining command \acroifusedF with sig. 'm' on line 696.


LaTeX3 Info: Defining command \acuse with sig. 'm' on line 699.


LaTeX3 Info: Defining command \acuseall with sig. '' on line 702.


LaTeX3 Info: Defining command \acreset with sig. 'm' on line 705.


LaTeX3 Info: Defining command \acresetall with sig. '' on line 708.


LaTeX3 Info: Defining command \acsimple with sig. 'mm' on line 711.


LaTeX3 Info: Defining command \acbarrier with sig. '' on line 714.


LaTeX3 Info: Defining command \acswitchoff with sig. '' on line 717.


LaTeX3 Info: Defining command \acswitchon with sig. '' on line 720.


LaTeX3 Info: Defining command \DeclareAcroProperty with sig. 'st?t!t|t>m' on
(LaTeX3)     line 734.


LaTeX3 Info: Defining command \DeclareAcroPropertyAlias with sig.
(LaTeX3)     'st?t!t|t>mm' on line 748.


LaTeX3 Info: Defining command \MakeAcroPropertyAlias with sig. 'mm' on line
(LaTeX3)     751.


LaTeX3 Info: Defining command \NewAcroPreset with sig. 'm+m' on line 754.


LaTeX3 Info: Defining command \RenewAcroPreset with sig. 'm+m' on line 757.


LaTeX3 Info: Defining command \DeclareAcroPreset with sig. 'm+m' on line 760.


LaTeX3 Info: Defining command \UseAcroTemplate with sig. 'O{acronym}mO{1}' on
(LaTeX3)     line 764.


LaTeX3 Info: Defining command \NewAcroTemplate with sig. 'O{acronym}m+m' on
(LaTeX3)     line 767.


LaTeX3 Info: Defining command \RenewAcroTemplate with sig. 'O{acronym}m+m' on
(LaTeX3)     line 770.


LaTeX3 Info: Defining command \SetupAcroTemplate with sig. 'O{acronym}m+m' on
(LaTeX3)     line 773.


LaTeX3 Info: Defining command \SetupNextAcroTemplate with sig. 'O{acronym}m+m'
(LaTeX3)     on line 776.


LaTeX3 Info: Defining command \DeclareAcronym with sig. 'm+m' on line 779.


LaTeX3 Info: Defining command \DeclareAcroEnding with sig. 'mmm' on line 782.


LaTeX3 Info: Defining command \DeclareAcroArticle with sig. 'mm' on line 785.


LaTeX3 Info: Defining command \DeclareAcroTranslation with sig. 'm+m' on line
(LaTeX3)     788.


LaTeX3 Info: Defining command \AddAcroTranslations with sig. 'm+m' on line
(LaTeX3)     791.


LaTeX3 Info: Defining command \acrotranslate with sig. 'm' on line 794.


LaTeX3 Info: Defining command \aciftrailing with sig. '' on line 797.


LaTeX3 Info: Defining command \acfootnote with sig. 'm' on line 800.


LaTeX3 Info: Defining command \acgobbletrail with sig. '' on line 803.


LaTeX3 Info: Defining command \acdot with sig. '' on line 805.


LaTeX3 Info: Defining command \acspace with sig. '' on line 806.


LaTeX3 Info: Defining command \abbrdot with sig. '' on line 807.


LaTeX3 Info: Defining command \acroupper with sig. '' on line 809.


LaTeX3 Info: Defining command \acrofull with sig. '' on line 810.


LaTeX3 Info: Defining command \printacronyms with sig. 'o' on line 819.


LaTeX3 Info: Defining command \acroheading with sig. '' on line 823.


LaTeX3 Info: Defining command \acropreamble with sig. '' on line 824.


LaTeX3 Info: Defining command \acropostamble with sig. '' on line 825.


LaTeX3 Info: Defining command \acrolistname with sig. '' on line 828.


LaTeX3 Info: Defining command \acronymsmapTF with sig. '+m+m+m' on line 841.


LaTeX3 Info: Defining command \acronymsmapT with sig. '+m+m' on line 844.


LaTeX3 Info: Defining command \acronymsmapF with sig. '+m+m' on line 847.


LaTeX3 Info: Defining command \acronymsmap with sig. '+m' on line 850.


LaTeX3 Info: Defining command \acrofield with sig. 'mm' on line 853.


LaTeX3 Info: Defining command \acroprintfield with sig. 'mm' on line 863.


LaTeX3 Info: Defining command \acroiffieldTF with sig. '+m+m+m+m' on line 866.


LaTeX3 Info: Defining command \acroifanyfieldTF with sig. 'mm+m+m' on line
(LaTeX3)     869.


LaTeX3 Info: Defining command \acroifallfieldsTF with sig. 'mm+m+m' on line
(LaTeX3)     872.


LaTeX3 Info: Defining command \acroifpagefieldTF with sig. 'm' on line 875.


LaTeX3 Info: Defining command \acrowrite with sig. 'm' on line 878.


LaTeX3 Info: Defining command \acroshow with sig. 'm' on line 881.


LaTeX3 Info: Defining command \acrodonotuse with sig. '' on line 884.


LaTeX3 Info: Defining command \acroformat with sig. 'mm' on line 887.


LaTeX3 Info: Defining command \acrogroupcite with sig. '' on line 898.


LaTeX3 Info: Defining command \acrocite with sig. '' on line 901.


LaTeX3 Info: Defining command \acroifpropertyTF with sig. 'm' on line 904.


LaTeX3 Info: Defining command \acroifpropertyT with sig. 'm' on line 907.


LaTeX3 Info: Defining command \acroifpropertyF with sig. 'm' on line 910.


LaTeX3 Info: Defining command \acroifbooleanTF with sig. 'm' on line 913.


LaTeX3 Info: Defining command \acroifbooleanT with sig. 'm' on line 916.


LaTeX3 Info: Defining command \acroifbooleanF with sig. 'm' on line 919.


LaTeX3 Info: Defining command \acroifTF with sig. 'm' on line 922.


LaTeX3 Info: Defining command \acroifT with sig. 'm' on line 924.


LaTeX3 Info: Defining command \acroifF with sig. 'm' on line 926.


LaTeX3 Info: Defining command \acroifanyTF with sig. 'm+m+m' on line 929.


LaTeX3 Info: Defining command \acroifanyT with sig. 'm+m' on line 931.


LaTeX3 Info: Defining command \acroifanyF with sig. 'm+m' on line 933.


LaTeX3 Info: Defining command \acroifallTF with sig. 'm+m+m' on line 936.


LaTeX3 Info: Defining command \acroifallT with sig. 'm+m' on line 938.


LaTeX3 Info: Defining command \acroifallF with sig. 'm+m' on line 940.


LaTeX3 Info: Defining command \acroifsingleTF with sig. '+m+m' on line 943.


LaTeX3 Info: Defining command \acroifsingleT with sig. '+m' on line 945.


LaTeX3 Info: Defining command \acroifsingleF with sig. '+m' on line 947.


LaTeX3 Info: Defining command \acroiffirstTF with sig. '+m+m' on line 950.


LaTeX3 Info: Defining command \acroiffirstT with sig. '+m' on line 952.


LaTeX3 Info: Defining command \acroiffirstF with sig. '+m' on line 954.


LaTeX3 Info: Defining command \acroiftagTF with sig. 'm+m+m' on line 957.


LaTeX3 Info: Defining command \acroiftagT with sig. 'm+m' on line 959.


LaTeX3 Info: Defining command \acroiftagF with sig. 'm+m' on line 961.


LaTeX3 Info: Defining command \acropages with sig. 'mm' on line 964.


LaTeX3 Info: Defining command \acronopagerange with sig. '' on line 967.


LaTeX3 Info: Defining command \acroneedpages with sig. '' on line 970.


LaTeX3 Info: Defining command \acropagefill with sig. '' on line 973.


LaTeX3 Info: Defining command \acrodotfill with sig. '' on line 975.


LaTeX3 Info: Defining command \acroifpagesTF with sig. '' on line 978.


LaTeX3 Info: Defining command \acroifpagesT with sig. '' on line 981.


LaTeX3 Info: Defining command \acroifpagesF with sig. '' on line 984.


LaTeX3 Info: Defining command \acroifchapterTF with sig. '' on line 987.


LaTeX3 Info: Defining command \acroifchapterT with sig. '' on line 990.


LaTeX3 Info: Defining command \acroifchapterF with sig. '' on line 993.

Loading module `aux' ...
Loading module `properties' ...
Loading module `acronyms' ...
Loading module `formatting' ...
Loading module `ppfixes' ...
Loading module `tools' ...
\l__acro_minimal_usage_int=\count288
\l__acro_nest_int=\count289
\g_acro_barrier_int=\count290
\g_acro_barrier_total_int=\count291
Loading module `commands' ...

LaTeX3 Info: Defining command \NewAcroCommand with sig. 'mm+m' on line 3333.


LaTeX3 Info: Defining command \RenewAcroCommand with sig. 'mm+m' on line 3338.


LaTeX3 Info: Defining command \DeclareAcroCommand with sig. 'mm+m' on line
(LaTeX3)     3343.


LaTeX3 Info: Defining command \ProvideAcroCommand with sig. 'mm+m' on line
(LaTeX3)     3348.

Loading module `templates' ...
Loading module `list' ...
Loading module `pages' ...
\l__acro_pages_seq_threshold_int=\count292
Loading module `locale' ...

(C:\Program Files\MiKTeX\tex/latex/translations\translations.sty
Package: translations 2021/01/17 v1.10a internationalization of LaTeX2e package
s (CN)

(C:\Program Files\MiKTeX\tex/latex/etoolbox\etoolbox.sty
Package: etoolbox 2020/10/05 v2.5k e-TeX tools for LaTeX (JAW)
\etb@tempcnta=\count293
))
Loading module `pdfsupport' ...
Loading module `patch' ...
Loading module `definitions' ...

LaTeX3 Info: Defining command \baseac with sig. 'm' on line 5116.


LaTeX3 Info: Defining command \ac with sig. 'so' on line 5116.


LaTeX3 Info: Defining command \baseacp with sig. 'm' on line 5118.


LaTeX3 Info: Defining command \acp with sig. 'so' on line 5118.


LaTeX3 Info: Defining command \baseiac with sig. 'm' on line 5120.


LaTeX3 Info: Defining command \iac with sig. 'so' on line 5120.


LaTeX3 Info: Defining command \baseAc with sig. 'm' on line 5122.


LaTeX3 Info: Defining command \Ac with sig. 'so' on line 5122.


LaTeX3 Info: Defining command \baseAcp with sig. 'm' on line 5124.


LaTeX3 Info: Defining command \Acp with sig. 'so' on line 5124.


LaTeX3 Info: Defining command \baseIac with sig. 'm' on line 5126.


LaTeX3 Info: Defining command \Iac with sig. 'so' on line 5126.


LaTeX3 Info: Defining command \baseacs with sig. 'm' on line 5129.


LaTeX3 Info: Defining command \acs with sig. 'so' on line 5129.


LaTeX3 Info: Defining command \baseacsp with sig. 'm' on line 5131.


LaTeX3 Info: Defining command \acsp with sig. 'so' on line 5131.


LaTeX3 Info: Defining command \baseiacs with sig. 'm' on line 5133.


LaTeX3 Info: Defining command \iacs with sig. 'so' on line 5133.


LaTeX3 Info: Defining command \baseAcs with sig. 'm' on line 5135.


LaTeX3 Info: Defining command \Acs with sig. 'so' on line 5135.


LaTeX3 Info: Defining command \baseAcsp with sig. 'm' on line 5137.


LaTeX3 Info: Defining command \Acsp with sig. 'so' on line 5137.


LaTeX3 Info: Defining command \baseIacs with sig. 'm' on line 5139.


LaTeX3 Info: Defining command \Iacs with sig. 'so' on line 5139.


LaTeX3 Info: Defining command \baseacl with sig. 'm' on line 5142.


LaTeX3 Info: Defining command \acl with sig. 'so' on line 5142.


LaTeX3 Info: Defining command \baseaclp with sig. 'm' on line 5144.


LaTeX3 Info: Defining command \aclp with sig. 'so' on line 5144.


LaTeX3 Info: Defining command \baseiacl with sig. 'm' on line 5146.


LaTeX3 Info: Defining command \iacl with sig. 'so' on line 5146.


LaTeX3 Info: Defining command \baseAcl with sig. 'm' on line 5148.


LaTeX3 Info: Defining command \Acl with sig. 'so' on line 5148.


LaTeX3 Info: Defining command \baseAclp with sig. 'm' on line 5150.


LaTeX3 Info: Defining command \Aclp with sig. 'so' on line 5150.


LaTeX3 Info: Defining command \baseIacl with sig. 'm' on line 5152.


LaTeX3 Info: Defining command \Iacl with sig. 'so' on line 5152.


LaTeX3 Info: Defining command \baseaca with sig. 'm' on line 5155.


LaTeX3 Info: Defining command \aca with sig. 'so' on line 5155.


LaTeX3 Info: Defining command \baseacap with sig. 'm' on line 5157.


LaTeX3 Info: Defining command \acap with sig. 'so' on line 5157.


LaTeX3 Info: Defining command \baseiaca with sig. 'm' on line 5159.


LaTeX3 Info: Defining command \iaca with sig. 'so' on line 5159.


LaTeX3 Info: Defining command \baseAca with sig. 'm' on line 5161.


LaTeX3 Info: Defining command \Aca with sig. 'so' on line 5161.


LaTeX3 Info: Defining command \baseAcap with sig. 'm' on line 5163.


LaTeX3 Info: Defining command \Acap with sig. 'so' on line 5163.


LaTeX3 Info: Defining command \baseIaca with sig. 'm' on line 5165.


LaTeX3 Info: Defining command \Iaca with sig. 'so' on line 5165.


LaTeX3 Info: Defining command \baseacf with sig. 'm' on line 5168.


LaTeX3 Info: Defining command \acf with sig. 'so' on line 5168.


LaTeX3 Info: Defining command \baseacfp with sig. 'm' on line 5170.


LaTeX3 Info: Defining command \acfp with sig. 'so' on line 5170.


LaTeX3 Info: Defining command \baseiacf with sig. 'm' on line 5172.


LaTeX3 Info: Defining command \iacf with sig. 'so' on line 5172.


LaTeX3 Info: Defining command \baseAcf with sig. 'm' on line 5174.


LaTeX3 Info: Defining command \Acf with sig. 'so' on line 5174.


LaTeX3 Info: Defining command \baseAcfp with sig. 'm' on line 5176.


LaTeX3 Info: Defining command \Acfp with sig. 'so' on line 5176.


LaTeX3 Info: Defining command \baseIacf with sig. 'm' on line 5178.


LaTeX3 Info: Defining command \Iacf with sig. 'so' on line 5178.


LaTeX3 Info: Defining command \baseacshow with sig. 'm' on line 5181.


LaTeX3 Info: Defining command \acshow with sig. 'so' on line 5181.


LaTeX3 Info: Defining command \acroplural with sig. '' on line 5184.


LaTeX3 Info: Defining command \acroindefinite with sig. '' on line 5186.


LaTeX3 Info: Defining command \nospace with sig. '' on line 5188.

Loading module `upgrade' ...
)
Package translations Info: No language package found. I am going to use `englis
h' as default language. on input line 37.
LaTeX Font Info:    Trying to load font information for OT1+ptm on input line 3
7.

(C:\Program Files\MiKTeX\tex/latex/psnfss\ot1ptm.fd
File: ot1ptm.fd 2001/06/04 font definitions for OT1/ptm.
) (Proposal.aux
(Proposal.acr))
\openout1 = `Proposal.aux'.

LaTeX Font Info:    Checking defaults for OML/cmm/m/it on input line 37.
LaTeX Font Info:    ... okay on input line 37.
LaTeX Font Info:    Checking defaults for OMS/cmsy/m/n on input line 37.
LaTeX Font Info:    ... okay on input line 37.
LaTeX Font Info:    Checking defaults for OT1/cmr/m/n on input line 37.
LaTeX Font Info:    ... okay on input line 37.
LaTeX Font Info:    Checking defaults for T1/cmr/m/n on input line 37.
LaTeX Font Info:    ... okay on input line 37.
LaTeX Font Info:    Checking defaults for TS1/cmr/m/n on input line 37.
LaTeX Font Info:    ... okay on input line 37.
LaTeX Font Info:    Checking defaults for OMX/cmex/m/n on input line 37.
LaTeX Font Info:    ... okay on input line 37.
LaTeX Font Info:    Checking defaults for U/cmr/m/n on input line 37.
LaTeX Font Info:    ... okay on input line 37.
LaTeX Font Info:    Checking defaults for PD1/pdf/m/n on input line 37.
LaTeX Font Info:    ... okay on input line 37.
LaTeX Font Info:    Checking defaults for PU/pdf/m/n on input line 37.
LaTeX Font Info:    ... okay on input line 37.

*geometry* driver: auto-detecting
*geometry* detected driver: pdftex
*geometry* verbose mode - [ preamble ] result:
* driver: pdftex
* paper: a4paper
* layout: <same size as paper>
* layoutoffset:(h,v)=(0.0pt,0.0pt)
* modes: 
* h-part:(L,W,R)=(72.26999pt, 452.9679pt, 72.26999pt)
* v-part:(T,H,B)=(72.26999pt, 700.50687pt, 72.26999pt)
* \paperwidth=597.50787pt
* \paperheight=845.04684pt
* \textwidth=452.9679pt
* \textheight=700.50687pt
* \oddsidemargin=0.0pt
* \evensidemargin=0.0pt
* \topmargin=-37.0pt
* \headheight=12.0pt
* \headsep=25.0pt
* \topskip=12.0pt
* \footskip=30.0pt
* \marginparwidth=35.0pt
* \marginparsep=10.0pt
* \columnsep=10.0pt
* \skip\footins=10.8pt plus 4.0pt minus 2.0pt
* \hoffset=0.0pt
* \voffset=0.0pt
* \mag=1000
* \@twocolumnfalse
* \@twosidefalse
* \@mparswitchfalse
* \@reversemarginfalse
* (1in=72.27pt=25.4mm, 1cm=28.453pt)

(C:\Program Files\MiKTeX\tex/context/base/mkii\supp-pdf.mkii
[Loading MPS to PDF converter (version 2006.09.02).]
\scratchcounter=\count294
\scratchdimen=\dimen169
\scratchbox=\box52
\nofMPsegments=\count295
\nofMParguments=\count296
\everyMPshowfont=\toks25
\MPscratchCnt=\count297
\MPscratchDim=\dimen170
\MPnumerator=\count298
\makeMPintoPDFobject=\count299
\everyMPtoPDFconversion=\toks26
) (C:\Program Files\MiKTeX\tex/latex/epstopdf-pkg\epstopdf-base.sty
Package: epstopdf-base 2020-01-24 v2.11 Base part for package epstopdf
Package epstopdf-base Info: Redefining graphics rule for `.eps' on input line 4
85.

(C:\Program Files\MiKTeX\tex/latex/00miktex\epstopdf-sys.cfg
File: epstopdf-sys.cfg 2021/03/18 v2.0 Configuration of epstopdf for MiKTeX
))
Package caption Info: Begin \AtBeginDocument code.
Package caption Info: hyperref package is loaded.
Package caption Info: End \AtBeginDocument code.
Package hyperref Info: Link coloring OFF on input line 37.

(C:\Program Files\MiKTeX\tex/latex/hyperref\nameref.sty
Package: nameref 2021-04-02 v2.47 Cross-referencing by name of section

(C:\Program Files\MiKTeX\tex/latex/refcount\refcount.sty
Package: refcount 2019/12/15 v3.6 Data extraction from label references (HO)
)
(C:\Program Files\MiKTeX\tex/generic/gettitlestring\gettitlestring.sty
Package: gettitlestring 2019/12/15 v1.6 Cleanup title references (HO)
)
\c@section@level=\count300
)
LaTeX Info: Redefining \ref on input line 37.
LaTeX Info: Redefining \pageref on input line 37.
LaTeX Info: Redefining \nameref on input line 37.

(Proposal.out) (Proposal.out)
\@outlinefile=\write3
\openout3 = `Proposal.out'.

\l__acro_aux_file_iow=\write4
\openout4 = `Proposal.acr'.


(C:\Program Files\MiKTeX\tex/latex/translations/dicts\translations-basic-dictio
nary-english.trsl
File: translations-basic-dictionary-english.trsl (english translation file `tra
nslations-basic-dictionary')
)
Package translations Info: loading dictionary `translations-basic-dictionary' f
or `english'. on input line 37.
<kec1.jpg, id=187, 83.1105pt x 81.30376pt>
File: kec1.jpg Graphic file (type jpg)
<use kec1.jpg>
Package pdftex.def Info: kec1.jpg  used on input line 45.
(pdftex.def)             Requested size: 83.11028pt x 81.30354pt.
 [1

{C:/Users/punpu/AppData/Local/MiKTeX/pdftex/config/pdftex.map} <./kec1.jpg>] [1

] [2

] (Proposal.toc
LaTeX Font Info:    Trying to load font information for U+msa on input line 6.

(C:\Program Files\MiKTeX\tex/latex/amsfonts\umsa.fd
File: umsa.fd 2013/01/14 v3.01 AMS symbols A
)
LaTeX Font Info:    Trying to load font information for U+msb on input line 6.

(C:\Program Files\MiKTeX\tex/latex/amsfonts\umsb.fd
File: umsb.fd 2013/01/14 v3.01 AMS symbols B
) [3

] [4])
\tf@toc=\write5
\openout5 = `Proposal.toc'.

 [1] (Proposal.lof)
\tf@lof=\write6
\openout6 = `Proposal.lof'.

pdfTeX warning (ext4): destination with the same identifier (name{page.}) has b
een already used, duplicate ignored
<to be read again> 
                   \relax 
l.100 \listoftables
                    [2

] (Proposal.lot)
\tf@lot=\write7
\openout7 = `Proposal.lot'.

pdfTeX warning (ext4): destination with the same identifier (name{page.}) has b
een already used, duplicate ignored
<to be read again> 
                   \relax 
l.103 \pagenumbering
                    {arabic} [3

]
Chapter 1.

Overfull \hbox (2.703pt too wide) in paragraph at lines 110--111
\OT1/ptm/m/n/12 level,Pulse,heart ab-nor-mal-i-ties which will be mon-i-tored b
y re-spected sen-sors , Elec-tronic stetho-
 []

pdfTeX warning (ext4): destination with the same identifier (name{page.1}) has 
been already used, duplicate ignored
<to be read again> 
                   \relax 
l.113 \subsection
                 {Medical Ventilation} [1

]
Overfull \hbox (31.0599pt too wide) in paragraph at lines 118--119
\OT1/ptm/m/n/12 who need in-ten-sive care are Tem-per-a-ture level,Heart Beat,O
xygen level and ECG(Electrocardiogram).
 []


Overfull \hbox (15.61516pt too wide) in paragraph at lines 120--121
\OT1/ptm/m/n/12 for this di-ag-no-sis. So,Electronic stetho-scopes is pro-posed
 which em-power doc-tors via telemedicine
 []

[2] [3]
LaTeX Font Info:    Trying to load font information for TS1+ptm on input line 1
29.
 (C:\Program Files\MiKTeX\tex/latex/psnfss\ts1ptm.fd
File: ts1ptm.fd 2001/06/04 font definitions for TS1/ptm.
)
Overfull \hbox (7.49146pt too wide) in paragraph at lines 138--139
[]\OT1/ptm/m/n/12 The health mon-i-tor-ing sys-tem mea-sures the vi-tal cri-te-
ria like temperature,Pulse,ECG,SP$\OML/cmm/m/it/12 O[]$ 
 []

[4] [5]
Chapter 2.
[6

] [7]
Chapter 3.
<fig1.jpg, id=362, 180.675pt x 180.675pt>
File: fig1.jpg Graphic file (type jpg)
<use fig1.jpg>
Package pdftex.def Info: fig1.jpg  used on input line 173.
(pdftex.def)             Requested size: 180.67455pt x 180.67455pt.
[8

]
<stet.png, id=367, 1284.8pt x 1284.8pt>
File: stet.png Graphic file (type png)
<use stet.png>
Package pdftex.def Info: stet.png  used on input line 182.
(pdftex.def)             Requested size: 128.48752pt x 128.48752pt.


LaTeX Warning: `h' float specifier changed to `ht'.

<car.jpg, id=368, 501.875pt x 501.875pt>
File: car.jpg Graphic file (type jpg)
<use car.jpg>
Package pdftex.def Info: car.jpg  used on input line 190.
(pdftex.def)             Requested size: 150.56366pt x 150.56366pt.
[9 <./fig1.jpg>]
<micro.jpg, id=373, 198.14024pt x 157.18726pt>
File: micro.jpg Graphic file (type jpg)
<use micro.jpg>
Package pdftex.def Info: micro.jpg  used on input line 198.
(pdftex.def)             Requested size: 148.6048pt x 117.89014pt.


LaTeX Warning: `h' float specifier changed to `ht'.

<ecg.jpg, id=374, 229.45724pt x 240.29774pt>
File: ecg.jpg Graphic file (type jpg)
<use ecg.jpg>
Package pdftex.def Info: ecg.jpg  used on input line 206.
(pdftex.def)             Requested size: 137.67538pt x 144.17975pt.
[10 <./stet.png (PNG copy)> <./car.jpg>]
<oxi.png, id=379, 501.875pt x 501.875pt>
File: oxi.png Graphic file (type png)
<use oxi.png>
Package pdftex.def Info: oxi.png  used on input line 214.
(pdftex.def)             Requested size: 150.56366pt x 150.56366pt.
 [11 <./micro.jpg> <./ecg.jpg>]
<tem.jpg, id=386, 386.44376pt x 330.23375pt>
File: tem.jpg Graphic file (type jpg)
<use tem.jpg>
Package pdftex.def Info: tem.jpg  used on input line 223.
(pdftex.def)             Requested size: 154.57475pt x 132.09114pt.

[12 <./oxi.png> <./tem.jpg>]
Chapter 4.

Overfull \hbox (1.70676pt too wide) in paragraph at lines 231--232
\OT1/ptm/m/n/12 As this projects in-cludes four in-de-pen-dent health re-lated 
sys-tems (Ven-ti-la-tor ,Elec-tronic sthetho-
 []

<method1a.jpg, id=392, 464.33475pt x 319.1925pt>
File: method1a.jpg Graphic file (type jpg)
<use method1a.jpg>
Package pdftex.def Info: method1a.jpg  used on input line 237.
(pdftex.def)             Requested size: 464.3336pt x 319.19171pt.

Overfull \hbox (11.3657pt too wide) in paragraph at lines 237--238
 [] 
 []


LaTeX Warning: `h' float specifier changed to `ht'.

[13

]
<method2.jpg, id=397, 511.9125pt x 349.90726pt>
File: method2.jpg Graphic file (type jpg)
<use method2.jpg>
Package pdftex.def Info: method2.jpg  used on input line 245.
(pdftex.def)             Requested size: 511.91125pt x 349.90639pt.

Overfull \hbox (58.94336pt too wide) in paragraph at lines 245--246
 [] 
 []


LaTeX Warning: `h' float specifier changed to `ht'.

[14 <./method1a.jpg>]
<method3.jpg, id=403, 457.10776pt x 328.22626pt>
File: method3.jpg Graphic file (type jpg)
<use method3.jpg>
Package pdftex.def Info: method3.jpg  used on input line 260.
(pdftex.def)             Requested size: 457.10663pt x 328.22545pt.

Overfull \hbox (4.13873pt too wide) in paragraph at lines 260--261
 [] 
 []

[15 <./method2.jpg>]
<method4.jpg, id=410, 511.31026pt x 356.532pt>
File: method4.jpg Graphic file (type jpg)
<use method4.jpg>
Package pdftex.def Info: method4.jpg  used on input line 271.
(pdftex.def)             Requested size: 511.30899pt x 356.53111pt.

Overfull \hbox (58.3411pt too wide) in paragraph at lines 271--272
 [] 
 []

[16 <./method3.jpg>]

LaTeX Warning: `h' float specifier changed to `ht'.

[17]
<flow1.jpg, id=420, 196.3335pt x 491.436pt>
File: flow1.jpg Graphic file (type jpg)
<use flow1.jpg>
Package pdftex.def Info: flow1.jpg  used on input line 286.
(pdftex.def)             Requested size: 196.33301pt x 491.4348pt.


LaTeX Warning: `h' float specifier changed to `ht'.

<flow2.jpg, id=421, 243.309pt x 378.81525pt>
File: flow2.jpg Graphic file (type jpg)
<use flow2.jpg>
Package pdftex.def Info: flow2.jpg  used on input line 300.
(pdftex.def)             Requested size: 291.96935pt x 454.57602pt.

LaTeX Warning: `h' float specifier changed to `ht'.

<flow3.jpg, id=422, 460.72125pt x 493.845pt>
File: flow3.jpg Graphic file (type jpg)
<use flow3.jpg>
Package pdftex.def Info: flow3.jpg  used on input line 311.
(pdftex.def)             Requested size: 460.72012pt x 493.84378pt.

Overfull \hbox (7.75223pt too wide) in paragraph at lines 311--312
 [] 
 []


LaTeX Warning: `h' float specifier changed to `ht'.

<flow4.jpg, id=423, 524.55975pt x 601.64775pt>
File: flow4.jpg Graphic file (type jpg)
<use flow4.jpg>
Package pdftex.def Info: flow4.jpg  used on input line 321.
(pdftex.def)             Requested size: 524.55846pt x 601.64629pt.

Overfull \hbox (71.59056pt too wide) in paragraph at lines 321--322
 [] 
 []


LaTeX Warning: `h' float specifier changed to `ht'.

[18 <./method4.jpg>] [19 <./flow1.jpg>] [20 <./flow2.jpg>] [21 <./flow3.jpg>]
[22 <./flow4.jpg>]
Chapter 5.

Overfull \hbox (22.8382pt too wide) in paragraph at lines 329--330
[]\OT1/ptm/m/n/12 The sys-tem shall have the abil-ity to mon-i-tor the cer-tain
 health pa-ram-e-ters such as pulse,oxygen
 []

[23

]
<gant.jpg, id=449, 436.63126pt x 218.0145pt>
File: gant.jpg Graphic file (type jpg)
<use gant.jpg>
Package pdftex.def Info: gant.jpg  used on input line 381.
(pdftex.def)             Requested size: 436.63019pt x 218.01395pt.
 (Proposal.bbl
Underfull \hbox (badness 10000) in paragraph at lines 378--1

 []

[24 <./gant.jpg>]
Underfull \hbox (badness 1629) in paragraph at lines 14--21
[]\OT1/ptm/m/n/12 Ludhmila Abrah[]ao Ha-j-jar, Is-abela Bispo San-tos da Silva 
Costa, Stephanie Itala
 []

[25

]) [26] (Proposal.aux (Proposal.acr))
Package rerunfilecheck Info: File `Proposal.out' has not changed.
(rerunfilecheck)             Checksum: A159D1F3D93FFD71CDF038B1C9F4B110;6125.
 ) 
Here is how much of TeX's memory you used:
 15205 strings out of 479173
 274935 string characters out of 2864085
 572988 words of memory out of 3000000
 32491 multiletter control sequences out of 15000+600000
 419503 words of font info for 61 fonts, out of 8000000 for 9000
 1141 hyphenation exceptions out of 8191
 68i,8n,77p,1776b,513s stack positions out of 5000i,500n,10000p,200000b,80000s
{C:/Program Files/MiKTeX/fonts/enc/dvips/base/8r.enc}<C:/Program Files/MiKTeX
/fonts/type1/public/amsfonts/cm/cmmi12.pfb><C:/Program Files/MiKTeX/fonts/type1
/public/amsfonts/cm/cmr8.pfb><C:/Program Files/MiKTeX/fonts/type1/urw/times/utm
b8a.pfb><C:/Program Files/MiKTeX/fonts/type1/urw/times/utmr8a.pfb><C:/Program F
iles/MiKTeX/fonts/type1/urw/times/utmri8a.pfb>
Output written on Proposal.pdf (34 pages, 1587774 bytes).
PDF statistics:
 509 PDF objects out of 1000 (max. 8388607)
 116 named destinations out of 1000 (max. 500000)
 454 words of extra memory for PDF output out of 10000 (max. 10000000)

